<?xml version="1.0" encoding="UTF-8"?>
<!-- Generated by org.testng.reporters.JUnitXMLReporter -->
<testsuite ignored="0" hostname="LAPTOP-6I3F4LD0" failures="1" tests="7" name="Test" time="17.018" errors="0" timestamp="2022-05-16T09:46:35 IST">
  <testcase classname="Phase_5_Session_3.simplilearn.FacebookTest" name="welcome" time="0.003"/>
  <testcase classname="Phase_5_Session_3.simplilearn.First_Test" name="f" time="0.001"/>
  <testcase classname="Phase_5_Session_3.simplilearn.GroupTest" name="launchChrome" time="4.607"/>
  <testcase classname="Phase_5_Session_3.simplilearn.GroupTest" name="launchFirefox" time="0.006">
    <failure type="java.lang.IllegalStateException" message="The driver executable must exist: C:\Users\jyoti\eclipse-workspace\simplilearn\firefox_driver_path">
      <![CDATA[java.lang.IllegalStateException: The driver executable must exist: C:\Users\jyoti\eclipse-workspace\simplilearn\firefox_driver_path
at org.openqa.selenium.internal.Require$FileStateChecker.isFile(Require.java:342)
at org.openqa.selenium.remote.service.DriverService.checkExecutable(DriverService.java:147)
at org.openqa.selenium.remote.service.DriverService.findExecutable(DriverService.java:142)
at org.openqa.selenium.firefox.GeckoDriverService.access$100(GeckoDriverService.java:45)
at org.openqa.selenium.firefox.GeckoDriverService$Builder.findDefaultExecutable(GeckoDriverService.java:181)
at org.openqa.selenium.remote.service.DriverService$Builder.build(DriverService.java:437)
at org.openqa.selenium.firefox.GeckoDriverService.createDefaultService(GeckoDriverService.java:94)
at org.openqa.selenium.firefox.FirefoxDriver.<init>(FirefoxDriver.java:106)
at org.openqa.selenium.firefox.FirefoxDriver.<init>(FirefoxDriver.java:86)
at Phase_5_Session_3.simplilearn.GroupTest.launchFirefox(GroupTest.java:43)
at java.base/java.util.ArrayList.forEach(ArrayList.java:1511)
... Removed 27 stack frames]]>
    </failure>
  </testcase> <!-- launchFirefox -->
  <testcase classname="Phase_5_Session_3.simplilearn.GroupTest" name="loginwithChrome" time="4.205"/>
  <testcase classname="Phase_5_Session_3.simplilearn.GroupTest" name="loginwithFirefox" time="0.0">
    <skipped/>
  </testcase> <!-- loginwithFirefox -->
  <testcase classname="Phase_5_Session_3.simplilearn.AutomaticAutomation" name="Hello" time="0.001"/>
</testsuite> <!-- Test -->
